03-Feb-23 23:30:10 - Resetting dropped connection: api.vk.com
03-Feb-23 23:30:10 - https://api.vk.com:443 "POST /method/messages.getByConversationMessageId HTTP/1.1" 200 195
03-Feb-23 23:30:11 - https://api.vk.com:443 "POST /method/messages.send HTTP/1.1" 200 37
03-Feb-23 23:30:13 - https://lp.vk.com:443 "GET /wh218266206?act=a_check&key=1ce0b04fef3ab2fe69dc95c9c7a774031c0f8515&ts=22988&wait=25 HTTP/1.1" 200 1649
03-Feb-23 23:30:13 - https://lp.vk.com:443 "GET /wh218266206?act=a_check&key=1ce0b04fef3ab2fe69dc95c9c7a774031c0f8515&ts=22989&wait=25 HTTP/1.1" 200 716
03-Feb-23 23:30:18 - https://lp.vk.com:443 "GET /wh218266206?act=a_check&key=1ce0b04fef3ab2fe69dc95c9c7a774031c0f8515&ts=22990&wait=25 HTTP/1.1" 200 715
03-Feb-23 23:30:43 - https://lp.vk.com:443 "GET /wh218266206?act=a_check&key=1ce0b04fef3ab2fe69dc95c9c7a774031c0f8515&ts=22991&wait=25 HTTP/1.1" 200 29
03-Feb-23 23:30:53 - https://lp.vk.com:443 "GET /wh218266206?act=a_check&key=1ce0b04fef3ab2fe69dc95c9c7a774031c0f8515&ts=22991&wait=25 HTTP/1.1" 200 789
03-Feb-23 23:30:59 - https://lp.vk.com:443 "GET /wh218266206?act=a_check&key=1ce0b04fef3ab2fe69dc95c9c7a774031c0f8515&ts=22992&wait=25 HTTP/1.1" 200 571
03-Feb-23 23:30:59 - https://api.vk.com:443 "POST /method/messages.getByConversationMessageId HTTP/1.1" 200 197
03-Feb-23 23:30:59 - https://api.vk.com:443 "POST /method/messages.send HTTP/1.1" 200 37
03-Feb-23 23:31:12 - https://lp.vk.com:443 "GET /wh218266206?act=a_check&key=1ce0b04fef3ab2fe69dc95c9c7a774031c0f8515&ts=22993&wait=25 HTTP/1.1" 200 642
03-Feb-23 23:31:21 - https://lp.vk.com:443 "GET /wh218266206?act=a_check&key=1ce0b04fef3ab2fe69dc95c9c7a774031c0f8515&ts=22994&wait=25 HTTP/1.1" 200 630
03-Feb-23 23:31:24 - https://lp.vk.com:443 "GET /wh218266206?act=a_check&key=1ce0b04fef3ab2fe69dc95c9c7a774031c0f8515&ts=22995&wait=25 HTTP/1.1" 200 1427
03-Feb-23 23:31:25 - https://lp.vk.com:443 "GET /wh218266206?act=a_check&key=1ce0b04fef3ab2fe69dc95c9c7a774031c0f8515&ts=22996&wait=25 HTTP/1.1" 200 622
03-Feb-23 23:31:29 - https://lp.vk.com:443 "GET /wh218266206?act=a_check&key=1ce0b04fef3ab2fe69dc95c9c7a774031c0f8515&ts=22997&wait=25 HTTP/1.1" 200 584
03-Feb-23 23:31:31 - https://lp.vk.com:443 "GET /wh218266206?act=a_check&key=1ce0b04fef3ab2fe69dc95c9c7a774031c0f8515&ts=22998&wait=25 HTTP/1.1" 200 619
03-Feb-23 23:31:35 - https://lp.vk.com:443 "GET /wh218266206?act=a_check&key=1ce0b04fef3ab2fe69dc95c9c7a774031c0f8515&ts=22999&wait=25 HTTP/1.1" 200 577
03-Feb-23 21:44:54 - https://lp.vk.com:443 "GET /wh218266206?act=a_check&key=456ba51e9d30133afc791fd3a2fe41347161f6ff&ts=23247&wait=25 HTTP/1.1" 200 1590
03-Feb-23 21:44:59 - https://lp.vk.com:443 "GET /wh218266206?act=a_check&key=456ba51e9d30133afc791fd3a2fe41347161f6ff&ts=23248&wait=25 HTTP/1.1" 200 570
03-Feb-23 21:44:59 - https://api.vk.com:443 "POST /method/messages.getByConversationMessageId HTTP/1.1" 200 194
03-Feb-23 21:44:59 - https://api.vk.com:443 "POST /method/messages.send HTTP/1.1" 200 37
03-Feb-23 21:45:02 - https://lp.vk.com:443 "GET /wh218266206?act=a_check&key=456ba51e9d30133afc791fd3a2fe41347161f6ff&ts=23249&wait=25 HTTP/1.1" 200 784
03-Feb-23 21:45:03 - https://lp.vk.com:443 "GET /wh218266206?act=a_check&key=456ba51e9d30133afc791fd3a2fe41347161f6ff&ts=23250&wait=25 HTTP/1.1" 200 634
03-Feb-23 21:45:03 - https://lp.vk.com:443 "GET /wh218266206?act=a_check&key=456ba51e9d30133afc791fd3a2fe41347161f6ff&ts=23251&wait=25 HTTP/1.1" 200 754
03-Feb-23 21:45:06 - https://lp.vk.com:443 "GET /wh218266206?act=a_check&key=456ba51e9d30133afc791fd3a2fe41347161f6ff&ts=23252&wait=25 HTTP/1.1" 200 589
03-Feb-23 21:45:06 - https://lp.vk.com:443 "GET /wh218266206?act=a_check&key=456ba51e9d30133afc791fd3a2fe41347161f6ff&ts=23253&wait=25 HTTP/1.1" 200 575
03-Feb-23 21:45:06 - https://api.vk.com:443 "POST /method/messages.getByConversationMessageId HTTP/1.1" 200 197
03-Feb-23 21:45:06 - https://api.vk.com:443 "POST /method/messages.send HTTP/1.1" 200 37
03-Feb-23 21:45:08 - https://lp.vk.com:443 "GET /wh218266206?act=a_check&key=456ba51e9d30133afc791fd3a2fe41347161f6ff&ts=23254&wait=25 HTTP/1.1" 200 739
03-Feb-23 21:45:13 - https://lp.vk.com:443 "GET /wh218266206?act=a_check&key=456ba51e9d30133afc791fd3a2fe41347161f6ff&ts=23255&wait=25 HTTP/1.1" 200 573
03-Feb-23 21:45:14 - https://lp.vk.com:443 "GET /wh218266206?act=a_check&key=456ba51e9d30133afc791fd3a2fe41347161f6ff&ts=23256&wait=25 HTTP/1.1" 200 730
03-Feb-23 21:45:14 - https://api.vk.com:443 "POST /method/messages.getByConversationMessageId HTTP/1.1" 200 235
03-Feb-23 21:45:14 - https://api.vk.com:443 "POST /method/messages.send HTTP/1.1" 200 37
03-Feb-23 21:45:15 - https://lp.vk.com:443 "GET /wh218266206?act=a_check&key=456ba51e9d30133afc791fd3a2fe41347161f6ff&ts=23257&wait=25 HTTP/1.1" 200 571
03-Feb-23 21:45:19 - https://lp.vk.com:443 "GET /wh218266206?act=a_check&key=456ba51e9d30133afc791fd3a2fe41347161f6ff&ts=23258&wait=25 HTTP/1.1" 200 580
03-Feb-23 21:45:20 - https://lp.vk.com:443 "GET /wh218266206?act=a_check&key=456ba51e9d30133afc791fd3a2fe41347161f6ff&ts=23259&wait=25 HTTP/1.1" 200 589
03-Feb-23 21:45:26 - https://lp.vk.com:443 "GET /wh218266206?act=a_check&key=456ba51e9d30133afc791fd3a2fe41347161f6ff&ts=23260&wait=25 HTTP/1.1" 200 601
03-Feb-23 21:45:28 - https://lp.vk.com:443 "GET /wh218266206?act=a_check&key=456ba51e9d30133afc791fd3a2fe41347161f6ff&ts=23261&wait=25 HTTP/1.1" 200 581
03-Feb-23 21:45:28 - https://lp.vk.com:443 "GET /wh218266206?act=a_check&key=456ba51e9d30133afc791fd3a2fe41347161f6ff&ts=23262&wait=25 HTTP/1.1" 200 900
03-Feb-23 21:45:31 - https://lp.vk.com:443 "GET /wh218266206?act=a_check&key=456ba51e9d30133afc791fd3a2fe41347161f6ff&ts=23263&wait=25 HTTP/1.1" 200 1428
03-Feb-23 21:45:36 - https://lp.vk.com:443 "GET /wh218266206?act=a_check&key=456ba51e9d30133afc791fd3a2fe41347161f6ff&ts=23264&wait=25 HTTP/1.1" 200 598
03-Feb-23 21:45:40 - https://lp.vk.com:443 "GET /wh218266206?act=a_check&key=456ba51e9d30133afc791fd3a2fe41347161f6ff&ts=23265&wait=25 HTTP/1.1" 200 581
03-Feb-23 21:45:42 - https://lp.vk.com:443 "GET /wh218266206?act=a_check&key=456ba51e9d30133afc791fd3a2fe41347161f6ff&ts=23266&wait=25 HTTP/1.1" 200 760
03-Feb-23 21:45:47 - https://lp.vk.com:443 "GET /wh218266206?act=a_check&key=456ba51e9d30133afc791fd3a2fe41347161f6ff&ts=23267&wait=25 HTTP/1.1" 200 585
03-Feb-23 21:45:47 - https://lp.vk.com:443 "GET /wh218266206?act=a_check&key=456ba51e9d30133afc791fd3a2fe41347161f6ff&ts=23268&wait=25 HTTP/1.1" 200 640
03-Feb-23 21:45:50 - https://lp.vk.com:443 "GET /wh218266206?act=a_check&key=456ba51e9d30133afc791fd3a2fe41347161f6ff&ts=23269&wait=25 HTTP/1.1" 200 572
03-Feb-23 21:45:51 - https://lp.vk.com:443 "GET /wh218266206?act=a_check&key=456ba51e9d30133afc791fd3a2fe41347161f6ff&ts=23270&wait=25 HTTP/1.1" 200 573
03-Feb-23 21:45:56 - https://lp.vk.com:443 "GET /wh218266206?act=a_check&key=456ba51e9d30133afc791fd3a2fe41347161f6ff&ts=23271&wait=25 HTTP/1.1" 200 5149
03-Feb-23 21:46:01 - https://lp.vk.com:443 "GET /wh218266206?act=a_check&key=456ba51e9d30133afc791fd3a2fe41347161f6ff&ts=23272&wait=25 HTTP/1.1" 200 748
03-Feb-23 21:46:09 - https://lp.vk.com:443 "GET /wh218266206?act=a_check&key=456ba51e9d30133afc791fd3a2fe41347161f6ff&ts=23273&wait=25 HTTP/1.1" 200 601
03-Feb-23 21:46:11 - https://lp.vk.com:443 "GET /wh218266206?act=a_check&key=456ba51e9d30133afc791fd3a2fe41347161f6ff&ts=23274&wait=25 HTTP/1.1" 200 645
03-Feb-23 21:46:11 - https://lp.vk.com:443 "GET /wh218266206?act=a_check&key=456ba51e9d30133afc791fd3a2fe41347161f6ff&ts=23275&wait=25 HTTP/1.1" 200 570
03-Feb-23 21:46:11 - https://lp.vk.com:443 "GET /wh218266206?act=a_check&key=456ba51e9d30133afc791fd3a2fe41347161f6ff&ts=23276&wait=25 HTTP/1.1" 200 576
03-Feb-23 21:46:11 - https://lp.vk.com:443 "GET /wh218266206?act=a_check&key=456ba51e9d30133afc791fd3a2fe41347161f6ff&ts=23277&wait=25 HTTP/1.1" 200 629
03-Feb-23 21:46:15 - https://lp.vk.com:443 "GET /wh218266206?act=a_check&key=456ba51e9d30133afc791fd3a2fe41347161f6ff&ts=23278&wait=25 HTTP/1.1" 200 567
03-Feb-23 21:46:16 - https://lp.vk.com:443 "GET /wh218266206?act=a_check&key=456ba51e9d30133afc791fd3a2fe41347161f6ff&ts=23279&wait=25 HTTP/1.1" 200 775
03-Feb-23 21:46:18 - https://lp.vk.com:443 "GET /wh218266206?act=a_check&key=456ba51e9d30133afc791fd3a2fe41347161f6ff&ts=23280&wait=25 HTTP/1.1" 200 3491
03-Feb-23 21:46:18 - https://lp.vk.com:443 "GET /wh218266206?act=a_check&key=456ba51e9d30133afc791fd3a2fe41347161f6ff&ts=23281&wait=25 HTTP/1.1" 200 613
03-Feb-23 21:46:32 - https://lp.vk.com:443 "GET /wh218266206?act=a_check&key=d444db34e16640a723436a8fe4bdc29653724e85&ts=23284&wait=25 HTTP/1.1" 200 574
03-Feb-23 21:46:41 - https://lp.vk.com:443 "GET /wh218266206?act=a_check&key=d444db34e16640a723436a8fe4bdc29653724e85&ts=23285&wait=25 HTTP/1.1" 200 788
03-Feb-23 21:46:48 - https://lp.vk.com:443 "GET /wh218266206?act=a_check&key=d444db34e16640a723436a8fe4bdc29653724e85&ts=23286&wait=25 HTTP/1.1" 200 583
03-Feb-23 21:46:51 - https://lp.vk.com:443 "GET /wh218266206?act=a_check&key=d444db34e16640a723436a8fe4bdc29653724e85&ts=23287&wait=25 HTTP/1.1" 200 936
03-Feb-23 21:46:55 - https://lp.vk.com:443 "GET /wh218266206?act=a_check&key=d444db34e16640a723436a8fe4bdc29653724e85&ts=23288&wait=25 HTTP/1.1" 200 578
03-Feb-23 21:47:00 - https://lp.vk.com:443 "GET /wh218266206?act=a_check&key=d444db34e16640a723436a8fe4bdc29653724e85&ts=23289&wait=25 HTTP/1.1" 200 606
03-Feb-23 21:47:06 - https://lp.vk.com:443 "GET /wh218266206?act=a_check&key=d444db34e16640a723436a8fe4bdc29653724e85&ts=23290&wait=25 HTTP/1.1" 200 605
03-Feb-23 21:47:07 - https://lp.vk.com:443 "GET /wh218266206?act=a_check&key=d444db34e16640a723436a8fe4bdc29653724e85&ts=23291&wait=25 HTTP/1.1" 200 1328
03-Feb-23 21:47:09 - https://lp.vk.com:443 "GET /wh218266206?act=a_check&key=d444db34e16640a723436a8fe4bdc29653724e85&ts=23293&wait=25 HTTP/1.1" 200 622
03-Feb-23 21:47:10 - https://lp.vk.com:443 "GET /wh218266206?act=a_check&key=d444db34e16640a723436a8fe4bdc29653724e85&ts=23294&wait=25 HTTP/1.1" 200 585
03-Feb-23 21:47:15 - https://lp.vk.com:443 "GET /wh218266206?act=a_check&key=d444db34e16640a723436a8fe4bdc29653724e85&ts=23295&wait=25 HTTP/1.1" 200 569
03-Feb-23 21:47:15 - https://api.vk.com:443 "POST /method/messages.getByConversationMessageId HTTP/1.1" 200 186
03-Feb-23 21:47:15 - https://api.vk.com:443 "POST /method/messages.send HTTP/1.1" 200 37
03-Feb-23 21:47:17 - https://lp.vk.com:443 "GET /wh218266206?act=a_check&key=d444db34e16640a723436a8fe4bdc29653724e85&ts=23296&wait=25 HTTP/1.1" 200 776
03-Feb-23 21:47:17 - https://lp.vk.com:443 "GET /wh218266206?act=a_check&key=d444db34e16640a723436a8fe4bdc29653724e85&ts=23297&wait=25 HTTP/1.1" 200 664
03-Feb-23 21:47:22 - https://lp.vk.com:443 "GET /wh218266206?act=a_check&key=d444db34e16640a723436a8fe4bdc29653724e85&ts=23298&wait=25 HTTP/1.1" 200 599
03-Feb-23 21:47:22 - https://lp.vk.com:443 "GET /wh218266206?act=a_check&key=d444db34e16640a723436a8fe4bdc29653724e85&ts=23299&wait=25 HTTP/1.1" 200 785
03-Feb-23 21:47:23 - https://lp.vk.com:443 "GET /wh218266206?act=a_check&key=d444db34e16640a723436a8fe4bdc29653724e85&ts=23300&wait=25 HTTP/1.1" 200 776
03-Feb-23 21:47:23 - https://lp.vk.com:443 "GET /wh218266206?act=a_check&key=d444db34e16640a723436a8fe4bdc29653724e85&ts=23301&wait=25 HTTP/1.1" 200 788
03-Feb-23 21:47:25 - https://lp.vk.com:443 "GET /wh218266206?act=a_check&key=d444db34e16640a723436a8fe4bdc29653724e85&ts=23302&wait=25 HTTP/1.1" 200 823
03-Feb-23 21:47:26 - https://lp.vk.com:443 "GET /wh218266206?act=a_check&key=d444db34e16640a723436a8fe4bdc29653724e85&ts=23303&wait=25 HTTP/1.1" 200 590
03-Feb-23 21:47:27 - https://lp.vk.com:443 "GET /wh218266206?act=a_check&key=d444db34e16640a723436a8fe4bdc29653724e85&ts=23304&wait=25 HTTP/1.1" 200 665
03-Feb-23 21:47:28 - https://lp.vk.com:443 "GET /wh218266206?act=a_check&key=d444db34e16640a723436a8fe4bdc29653724e85&ts=23305&wait=25 HTTP/1.1" 200 932
03-Feb-23 21:47:29 - https://lp.vk.com:443 "GET /wh218266206?act=a_check&key=d444db34e16640a723436a8fe4bdc29653724e85&ts=23306&wait=25 HTTP/1.1" 200 605
03-Feb-23 21:47:29 - https://lp.vk.com:443 "GET /wh218266206?act=a_check&key=d444db34e16640a723436a8fe4bdc29653724e85&ts=23307&wait=25 HTTP/1.1" 200 742
03-Feb-23 21:47:30 - https://lp.vk.com:443 "GET /wh218266206?act=a_check&key=d444db34e16640a723436a8fe4bdc29653724e85&ts=23308&wait=25 HTTP/1.1" 200 590
03-Feb-23 21:47:31 - https://lp.vk.com:443 "GET /wh218266206?act=a_check&key=d444db34e16640a723436a8fe4bdc29653724e85&ts=23309&wait=25 HTTP/1.1" 200 725
03-Feb-23 21:47:38 - https://lp.vk.com:443 "GET /wh218266206?act=a_check&key=d444db34e16640a723436a8fe4bdc29653724e85&ts=23310&wait=25 HTTP/1.1" 200 596
03-Feb-23 21:47:41 - https://lp.vk.com:443 "GET /wh218266206?act=a_check&key=d444db34e16640a723436a8fe4bdc29653724e85&ts=23311&wait=25 HTTP/1.1" 200 769
03-Feb-23 21:47:42 - https://lp.vk.com:443 "GET /wh218266206?act=a_check&key=d444db34e16640a723436a8fe4bdc29653724e85&ts=23312&wait=25 HTTP/1.1" 200 845
03-Feb-23 21:47:42 - https://lp.vk.com:443 "GET /wh218266206?act=a_check&key=d444db34e16640a723436a8fe4bdc29653724e85&ts=23313&wait=25 HTTP/1.1" 200 580
03-Feb-23 21:47:44 - https://lp.vk.com:443 "GET /wh218266206?act=a_check&key=d444db34e16640a723436a8fe4bdc29653724e85&ts=23314&wait=25 HTTP/1.1" 200 601
03-Feb-23 21:47:45 - https://lp.vk.com:443 "GET /wh218266206?act=a_check&key=d444db34e16640a723436a8fe4bdc29653724e85&ts=23315&wait=25 HTTP/1.1" 200 588
03-Feb-23 21:47:46 - https://lp.vk.com:443 "GET /wh218266206?act=a_check&key=d444db34e16640a723436a8fe4bdc29653724e85&ts=23316&wait=25 HTTP/1.1" 200 647
03-Feb-23 21:47:48 - https://lp.vk.com:443 "GET /wh218266206?act=a_check&key=d444db34e16640a723436a8fe4bdc29653724e85&ts=23317&wait=25 HTTP/1.1" 200 3699
03-Feb-23 21:47:48 - https://lp.vk.com:443 "GET /wh218266206?act=a_check&key=d444db34e16640a723436a8fe4bdc29653724e85&ts=23318&wait=25 HTTP/1.1" 200 861
03-Feb-23 21:47:49 - https://lp.vk.com:443 "GET /wh218266206?act=a_check&key=d444db34e16640a723436a8fe4bdc29653724e85&ts=23319&wait=25 HTTP/1.1" 200 585
03-Feb-23 21:47:52 - https://lp.vk.com:443 "GET /wh218266206?act=a_check&key=d444db34e16640a723436a8fe4bdc29653724e85&ts=23320&wait=25 HTTP/1.1" 200 760
03-Feb-23 21:48:00 - https://lp.vk.com:443 "GET /wh218266206?act=a_check&key=d444db34e16640a723436a8fe4bdc29653724e85&ts=23321&wait=25 HTTP/1.1" 200 759
03-Feb-23 21:48:01 - https://lp.vk.com:443 "GET /wh218266206?act=a_check&key=d444db34e16640a723436a8fe4bdc29653724e85&ts=23322&wait=25 HTTP/1.1" 200 824
03-Feb-23 21:48:02 - https://lp.vk.com:443 "GET /wh218266206?act=a_check&key=d444db34e16640a723436a8fe4bdc29653724e85&ts=23323&wait=25 HTTP/1.1" 200 739
03-Feb-23 21:48:05 - https://lp.vk.com:443 "GET /wh218266206?act=a_check&key=d444db34e16640a723436a8fe4bdc29653724e85&ts=23324&wait=25 HTTP/1.1" 200 727
03-Feb-23 21:48:06 - https://lp.vk.com:443 "GET /wh218266206?act=a_check&key=d444db34e16640a723436a8fe4bdc29653724e85&ts=23325&wait=25 HTTP/1.1" 200 566
03-Feb-23 21:48:07 - https://lp.vk.com:443 "GET /wh218266206?act=a_check&key=d444db34e16640a723436a8fe4bdc29653724e85&ts=23326&wait=25 HTTP/1.1" 200 807
03-Feb-23 21:48:11 - https://lp.vk.com:443 "GET /wh218266206?act=a_check&key=d444db34e16640a723436a8fe4bdc29653724e85&ts=23327&wait=25 HTTP/1.1" 200 620
03-Feb-23 21:48:14 - https://lp.vk.com:443 "GET /wh218266206?act=a_check&key=d444db34e16640a723436a8fe4bdc29653724e85&ts=23328&wait=25 HTTP/1.1" 200 740
03-Feb-23 21:48:15 - https://lp.vk.com:443 "GET /wh218266206?act=a_check&key=d444db34e16640a723436a8fe4bdc29653724e85&ts=23329&wait=25 HTTP/1.1" 200 596
03-Feb-23 21:48:16 - https://lp.vk.com:443 "GET /wh218266206?act=a_check&key=d444db34e16640a723436a8fe4bdc29653724e85&ts=23330&wait=25 HTTP/1.1" 200 794
03-Feb-23 21:48:25 - https://lp.vk.com:443 "GET /wh218266206?act=a_check&key=d444db34e16640a723436a8fe4bdc29653724e85&ts=23331&wait=25 HTTP/1.1" 200 757
03-Feb-23 21:48:25 - https://lp.vk.com:443 "GET /wh218266206?act=a_check&key=d444db34e16640a723436a8fe4bdc29653724e85&ts=23332&wait=25 HTTP/1.1" 200 607
03-Feb-23 21:48:28 - https://lp.vk.com:443 "GET /wh218266206?act=a_check&key=d444db34e16640a723436a8fe4bdc29653724e85&ts=23333&wait=25 HTTP/1.1" 200 769
03-Feb-23 21:48:30 - https://lp.vk.com:443 "GET /wh218266206?act=a_check&key=d444db34e16640a723436a8fe4bdc29653724e85&ts=23334&wait=25 HTTP/1.1" 200 786
03-Feb-23 21:48:33 - https://lp.vk.com:443 "GET /wh218266206?act=a_check&key=d444db34e16640a723436a8fe4bdc29653724e85&ts=23335&wait=25 HTTP/1.1" 200 633
03-Feb-23 21:48:35 - https://lp.vk.com:443 "GET /wh218266206?act=a_check&key=d444db34e16640a723436a8fe4bdc29653724e85&ts=23336&wait=25 HTTP/1.1" 200 608
03-Feb-23 21:48:36 - https://lp.vk.com:443 "GET /wh218266206?act=a_check&key=d444db34e16640a723436a8fe4bdc29653724e85&ts=23337&wait=25 HTTP/1.1" 200 615
03-Feb-23 21:48:40 - https://lp.vk.com:443 "GET /wh218266206?act=a_check&key=d444db34e16640a723436a8fe4bdc29653724e85&ts=23338&wait=25 HTTP/1.1" 200 1426
03-Feb-23 21:48:42 - https://lp.vk.com:443 "GET /wh218266206?act=a_check&key=d444db34e16640a723436a8fe4bdc29653724e85&ts=23339&wait=25 HTTP/1.1" 200 617
03-Feb-23 21:48:45 - https://lp.vk.com:443 "GET /wh218266206?act=a_check&key=d444db34e16640a723436a8fe4bdc29653724e85&ts=23340&wait=25 HTTP/1.1" 200 5175
03-Feb-23 21:48:45 - https://lp.vk.com:443 "GET /wh218266206?act=a_check&key=d444db34e16640a723436a8fe4bdc29653724e85&ts=23341&wait=25 HTTP/1.1" 200 591
03-Feb-23 21:48:46 - https://lp.vk.com:443 "GET /wh218266206?act=a_check&key=d444db34e16640a723436a8fe4bdc29653724e85&ts=23342&wait=25 HTTP/1.1" 200 798
03-Feb-23 21:48:53 - https://lp.vk.com:443 "GET /wh218266206?act=a_check&key=d444db34e16640a723436a8fe4bdc29653724e85&ts=23343&wait=25 HTTP/1.1" 200 1630
03-Feb-23 21:48:54 - https://lp.vk.com:443 "GET /wh218266206?act=a_check&key=d444db34e16640a723436a8fe4bdc29653724e85&ts=23344&wait=25 HTTP/1.1" 200 740
03-Feb-23 21:48:56 - https://lp.vk.com:443 "GET /wh218266206?act=a_check&key=d444db34e16640a723436a8fe4bdc29653724e85&ts=23345&wait=25 HTTP/1.1" 200 587
03-Feb-23 21:48:57 - https://lp.vk.com:443 "GET /wh218266206?act=a_check&key=d444db34e16640a723436a8fe4bdc29653724e85&ts=23346&wait=25 HTTP/1.1" 200 753
03-Feb-23 21:48:59 - https://lp.vk.com:443 "GET /wh218266206?act=a_check&key=d444db34e16640a723436a8fe4bdc29653724e85&ts=23347&wait=25 HTTP/1.1" 200 1282
03-Feb-23 21:49:07 - https://lp.vk.com:443 "GET /wh218266206?act=a_check&key=d444db34e16640a723436a8fe4bdc29653724e85&ts=23349&wait=25 HTTP/1.1" 200 575
03-Feb-23 21:49:09 - https://lp.vk.com:443 "GET /wh218266206?act=a_check&key=d444db34e16640a723436a8fe4bdc29653724e85&ts=23350&wait=25 HTTP/1.1" 200 1428
03-Feb-23 21:49:15 - https://lp.vk.com:443 "GET /wh218266206?act=a_check&key=d444db34e16640a723436a8fe4bdc29653724e85&ts=23351&wait=25 HTTP/1.1" 200 3414
03-Feb-23 21:49:15 - https://lp.vk.com:443 "GET /wh218266206?act=a_check&key=d444db34e16640a723436a8fe4bdc29653724e85&ts=23352&wait=25 HTTP/1.1" 200 780
03-Feb-23 21:49:24 - https://lp.vk.com:443 "GET /wh218266206?act=a_check&key=d444db34e16640a723436a8fe4bdc29653724e85&ts=23353&wait=25 HTTP/1.1" 200 569
03-Feb-23 21:49:26 - https://lp.vk.com:443 "GET /wh218266206?act=a_check&key=d444db34e16640a723436a8fe4bdc29653724e85&ts=23354&wait=25 HTTP/1.1" 200 3580
03-Feb-23 21:49:30 - https://lp.vk.com:443 "GET /wh218266206?act=a_check&key=d444db34e16640a723436a8fe4bdc29653724e85&ts=23355&wait=25 HTTP/1.1" 200 3608
03-Feb-23 21:49:32 - https://lp.vk.com:443 "GET /wh218266206?act=a_check&key=d444db34e16640a723436a8fe4bdc29653724e85&ts=23356&wait=25 HTTP/1.1" 200 781
03-Feb-23 21:49:33 - https://lp.vk.com:443 "GET /wh218266206?act=a_check&key=d444db34e16640a723436a8fe4bdc29653724e85&ts=23357&wait=25 HTTP/1.1" 200 579
03-Feb-23 21:49:37 - https://lp.vk.com:443 "GET /wh218266206?act=a_check&key=d444db34e16640a723436a8fe4bdc29653724e85&ts=23358&wait=25 HTTP/1.1" 200 775
03-Feb-23 21:49:41 - https://lp.vk.com:443 "GET /wh218266206?act=a_check&key=d444db34e16640a723436a8fe4bdc29653724e85&ts=23359&wait=25 HTTP/1.1" 200 1427
03-Feb-23 21:49:42 - https://lp.vk.com:443 "GET /wh218266206?act=a_check&key=d444db34e16640a723436a8fe4bdc29653724e85&ts=23360&wait=25 HTTP/1.1" 200 603
03-Feb-23 21:49:42 - https://lp.vk.com:443 "GET /wh218266206?act=a_check&key=d444db34e16640a723436a8fe4bdc29653724e85&ts=23361&wait=25 HTTP/1.1" 200 597
03-Feb-23 21:49:46 - https://lp.vk.com:443 "GET /wh218266206?act=a_check&key=d444db34e16640a723436a8fe4bdc29653724e85&ts=23362&wait=25 HTTP/1.1" 200 3611
03-Feb-23 21:49:48 - https://lp.vk.com:443 "GET /wh218266206?act=a_check&key=d444db34e16640a723436a8fe4bdc29653724e85&ts=23363&wait=25 HTTP/1.1" 200 749
03-Feb-23 21:49:49 - https://lp.vk.com:443 "GET /wh218266206?act=a_check&key=d444db34e16640a723436a8fe4bdc29653724e85&ts=23364&wait=25 HTTP/1.1" 200 1427
03-Feb-23 21:49:50 - https://lp.vk.com:443 "GET /wh218266206?act=a_check&key=d444db34e16640a723436a8fe4bdc29653724e85&ts=23365&wait=25 HTTP/1.1" 200 576
03-Feb-23 21:49:52 - https://lp.vk.com:443 "GET /wh218266206?act=a_check&key=d444db34e16640a723436a8fe4bdc29653724e85&ts=23366&wait=25 HTTP/1.1" 200 600
03-Feb-23 21:49:56 - https://lp.vk.com:443 "GET /wh218266206?act=a_check&key=d444db34e16640a723436a8fe4bdc29653724e85&ts=23367&wait=25 HTTP/1.1" 200 584
03-Feb-23 21:49:58 - https://lp.vk.com:443 "GET /wh218266206?act=a_check&key=d444db34e16640a723436a8fe4bdc29653724e85&ts=23368&wait=25 HTTP/1.1" 200 1584
03-Feb-23 21:49:59 - https://lp.vk.com:443 "GET /wh218266206?act=a_check&key=d444db34e16640a723436a8fe4bdc29653724e85&ts=23369&wait=25 HTTP/1.1" 200 1427
03-Feb-23 21:50:07 - https://lp.vk.com:443 "GET /wh218266206?act=a_check&key=d444db34e16640a723436a8fe4bdc29653724e85&ts=23370&wait=25 HTTP/1.1" 200 626
03-Feb-23 21:50:08 - https://lp.vk.com:443 "GET /wh218266206?act=a_check&key=d444db34e16640a723436a8fe4bdc29653724e85&ts=23371&wait=25 HTTP/1.1" 200 1584
03-Feb-23 21:50:09 - https://lp.vk.com:443 "GET /wh218266206?act=a_check&key=d444db34e16640a723436a8fe4bdc29653724e85&ts=23372&wait=25 HTTP/1.1" 200 572
03-Feb-23 21:50:10 - https://lp.vk.com:443 "GET /wh218266206?act=a_check&key=d444db34e16640a723436a8fe4bdc29653724e85&ts=23373&wait=25 HTTP/1.1" 200 571
03-Feb-23 21:50:10 - https://lp.vk.com:443 "GET /wh218266206?act=a_check&key=d444db34e16640a723436a8fe4bdc29653724e85&ts=23374&wait=25 HTTP/1.1" 200 572
03-Feb-23 21:50:11 - https://lp.vk.com:443 "GET /wh218266206?act=a_check&key=d444db34e16640a723436a8fe4bdc29653724e85&ts=23375&wait=25 HTTP/1.1" 200 573
03-Feb-23 21:50:12 - https://lp.vk.com:443 "GET /wh218266206?act=a_check&key=d444db34e16640a723436a8fe4bdc29653724e85&ts=23376&wait=25 HTTP/1.1" 200 5867
03-Feb-23 21:50:13 - https://lp.vk.com:443 "GET /wh218266206?act=a_check&key=d444db34e16640a723436a8fe4bdc29653724e85&ts=23377&wait=25 HTTP/1.1" 200 565
03-Feb-23 21:50:18 - https://lp.vk.com:443 "GET /wh218266206?act=a_check&key=d444db34e16640a723436a8fe4bdc29653724e85&ts=23378&wait=25 HTTP/1.1" 200 595
03-Feb-23 21:50:22 - https://lp.vk.com:443 "GET /wh218266206?act=a_check&key=d444db34e16640a723436a8fe4bdc29653724e85&ts=23379&wait=25 HTTP/1.1" 200 778
03-Feb-23 21:50:22 - https://lp.vk.com:443 "GET /wh218266206?act=a_check&key=d444db34e16640a723436a8fe4bdc29653724e85&ts=23380&wait=25 HTTP/1.1" 200 614
03-Feb-23 21:50:25 - https://lp.vk.com:443 "GET /wh218266206?act=a_check&key=d444db34e16640a723436a8fe4bdc29653724e85&ts=23381&wait=25 HTTP/1.1" 200 584
03-Feb-23 21:50:26 - https://lp.vk.com:443 "GET /wh218266206?act=a_check&key=d444db34e16640a723436a8fe4bdc29653724e85&ts=23382&wait=25 HTTP/1.1" 200 745
03-Feb-23 21:50:34 - https://lp.vk.com:443 "GET /wh218266206?act=a_check&key=d444db34e16640a723436a8fe4bdc29653724e85&ts=23383&wait=25 HTTP/1.1" 200 1579
03-Feb-23 21:50:34 - https://lp.vk.com:443 "GET /wh218266206?act=a_check&key=d444db34e16640a723436a8fe4bdc29653724e85&ts=23384&wait=25 HTTP/1.1" 200 579
03-Feb-23 21:50:36 - https://lp.vk.com:443 "GET /wh218266206?act=a_check&key=d444db34e16640a723436a8fe4bdc29653724e85&ts=23385&wait=25 HTTP/1.1" 200 733
03-Feb-23 21:50:37 - https://lp.vk.com:443 "GET /wh218266206?act=a_check&key=d444db34e16640a723436a8fe4bdc29653724e85&ts=23386&wait=25 HTTP/1.1" 200 578
03-Feb-23 21:50:40 - https://lp.vk.com:443 "GET /wh218266206?act=a_check&key=d444db34e16640a723436a8fe4bdc29653724e85&ts=23387&wait=25 HTTP/1.1" 200 687
03-Feb-23 21:50:43 - https://lp.vk.com:443 "GET /wh218266206?act=a_check&key=d444db34e16640a723436a8fe4bdc29653724e85&ts=23388&wait=25 HTTP/1.1" 200 611
03-Feb-23 21:50:44 - https://lp.vk.com:443 "GET /wh218266206?act=a_check&key=d444db34e16640a723436a8fe4bdc29653724e85&ts=23389&wait=25 HTTP/1.1" 200 1582
03-Feb-23 21:50:45 - https://lp.vk.com:443 "GET /wh218266206?act=a_check&key=d444db34e16640a723436a8fe4bdc29653724e85&ts=23390&wait=25 HTTP/1.1" 200 1604
03-Feb-23 21:50:49 - https://lp.vk.com:443 "GET /wh218266206?act=a_check&key=d444db34e16640a723436a8fe4bdc29653724e85&ts=23391&wait=25 HTTP/1.1" 200 765
03-Feb-23 21:50:49 - https://lp.vk.com:443 "GET /wh218266206?act=a_check&key=d444db34e16640a723436a8fe4bdc29653724e85&ts=23392&wait=25 HTTP/1.1" 200 4081
03-Feb-23 21:50:51 - https://lp.vk.com:443 "GET /wh218266206?act=a_check&key=d444db34e16640a723436a8fe4bdc29653724e85&ts=23393&wait=25 HTTP/1.1" 200 594
03-Feb-23 21:50:51 - https://lp.vk.com:443 "GET /wh218266206?act=a_check&key=d444db34e16640a723436a8fe4bdc29653724e85&ts=23394&wait=25 HTTP/1.1" 200 1773
03-Feb-23 21:50:52 - https://lp.vk.com:443 "GET /wh218266206?act=a_check&key=d444db34e16640a723436a8fe4bdc29653724e85&ts=23395&wait=25 HTTP/1.1" 200 621
03-Feb-23 21:50:53 - https://lp.vk.com:443 "GET /wh218266206?act=a_check&key=d444db34e16640a723436a8fe4bdc29653724e85&ts=23396&wait=25 HTTP/1.1" 200 591
03-Feb-23 21:50:54 - https://lp.vk.com:443 "GET /wh218266206?act=a_check&key=d444db34e16640a723436a8fe4bdc29653724e85&ts=23397&wait=25 HTTP/1.1" 200 576
03-Feb-23 21:50:56 - https://lp.vk.com:443 "GET /wh218266206?act=a_check&key=d444db34e16640a723436a8fe4bdc29653724e85&ts=23398&wait=25 HTTP/1.1" 200 1340
03-Feb-23 21:51:01 - https://lp.vk.com:443 "GET /wh218266206?act=a_check&key=d444db34e16640a723436a8fe4bdc29653724e85&ts=23400&wait=25 HTTP/1.1" 200 609
03-Feb-23 21:51:06 - https://lp.vk.com:443 "GET /wh218266206?act=a_check&key=d444db34e16640a723436a8fe4bdc29653724e85&ts=23401&wait=25 HTTP/1.1" 200 1587
03-Feb-23 21:56:28 - https://lp.vk.com:443 "GET /wh218266206?act=a_check&key=2f52983ed2848bc311a3092392b5f197e1860b10&ts=23532&wait=25 HTTP/1.1" 200 570
03-Feb-23 21:56:28 - https://api.vk.com:443 "POST /method/messages.getByConversationMessageId HTTP/1.1" 200 189
03-Feb-23 21:56:29 - https://api.vk.com:443 "POST /method/messages.getConversationMembers HTTP/1.1" 200 2700
03-Feb-23 21:56:37 - https://lp.vk.com:443 "GET /wh218266206?act=a_check&key=2f52983ed2848bc311a3092392b5f197e1860b10&ts=23533&wait=25 HTTP/1.1" 200 598
03-Feb-23 21:56:38 - https://lp.vk.com:443 "GET /wh218266206?act=a_check&key=2f52983ed2848bc311a3092392b5f197e1860b10&ts=23534&wait=25 HTTP/1.1" 200 588
03-Feb-23 21:56:43 - https://lp.vk.com:443 "GET /wh218266206?act=a_check&key=2f52983ed2848bc311a3092392b5f197e1860b10&ts=23535&wait=25 HTTP/1.1" 200 572
03-Feb-23 21:56:46 - https://lp.vk.com:443 "GET /wh218266206?act=a_check&key=2f52983ed2848bc311a3092392b5f197e1860b10&ts=23536&wait=25 HTTP/1.1" 200 596
03-Feb-23 21:56:47 - https://lp.vk.com:443 "GET /wh218266206?act=a_check&key=2f52983ed2848bc311a3092392b5f197e1860b10&ts=23537&wait=25 HTTP/1.1" 200 590
03-Feb-23 21:56:48 - https://lp.vk.com:443 "GET /wh218266206?act=a_check&key=2f52983ed2848bc311a3092392b5f197e1860b10&ts=23538&wait=25 HTTP/1.1" 200 576
03-Feb-23 21:56:48 - https://lp.vk.com:443 "GET /wh218266206?act=a_check&key=2f52983ed2848bc311a3092392b5f197e1860b10&ts=23539&wait=25 HTTP/1.1" 200 769
03-Feb-23 21:56:50 - https://lp.vk.com:443 "GET /wh218266206?act=a_check&key=2f52983ed2848bc311a3092392b5f197e1860b10&ts=23540&wait=25 HTTP/1.1" 200 614
03-Feb-23 21:56:51 - https://lp.vk.com:443 "GET /wh218266206?act=a_check&key=2f52983ed2848bc311a3092392b5f197e1860b10&ts=23541&wait=25 HTTP/1.1" 200 567
03-Feb-23 21:56:51 - https://lp.vk.com:443 "GET /wh218266206?act=a_check&key=2f52983ed2848bc311a3092392b5f197e1860b10&ts=23542&wait=25 HTTP/1.1" 200 3440
03-Feb-23 21:56:55 - https://lp.vk.com:443 "GET /wh218266206?act=a_check&key=2f52983ed2848bc311a3092392b5f197e1860b10&ts=23543&wait=25 HTTP/1.1" 200 571
03-Feb-23 21:56:57 - https://lp.vk.com:443 "GET /wh218266206?act=a_check&key=2f52983ed2848bc311a3092392b5f197e1860b10&ts=23544&wait=25 HTTP/1.1" 200 564
03-Feb-23 21:56:58 - https://lp.vk.com:443 "GET /wh218266206?act=a_check&key=2f52983ed2848bc311a3092392b5f197e1860b10&ts=23545&wait=25 HTTP/1.1" 200 595
03-Feb-23 21:57:00 - https://lp.vk.com:443 "GET /wh218266206?act=a_check&key=2f52983ed2848bc311a3092392b5f197e1860b10&ts=23546&wait=25 HTTP/1.1" 200 624
03-Feb-23 21:57:02 - https://lp.vk.com:443 "GET /wh218266206?act=a_check&key=2f52983ed2848bc311a3092392b5f197e1860b10&ts=23547&wait=25 HTTP/1.1" 200 596
03-Feb-23 21:57:05 - https://lp.vk.com:443 "GET /wh218266206?act=a_check&key=2f52983ed2848bc311a3092392b5f197e1860b10&ts=23548&wait=25 HTTP/1.1" 200 761
03-Feb-23 21:57:08 - https://lp.vk.com:443 "GET /wh218266206?act=a_check&key=2f52983ed2848bc311a3092392b5f197e1860b10&ts=23549&wait=25 HTTP/1.1" 200 628
03-Feb-23 21:57:10 - https://lp.vk.com:443 "GET /wh218266206?act=a_check&key=2f52983ed2848bc311a3092392b5f197e1860b10&ts=23550&wait=25 HTTP/1.1" 200 582
03-Feb-23 21:57:11 - https://lp.vk.com:443 "GET /wh218266206?act=a_check&key=2f52983ed2848bc311a3092392b5f197e1860b10&ts=23551&wait=25 HTTP/1.1" 200 1427
03-Feb-23 21:57:13 - https://lp.vk.com:443 "GET /wh218266206?act=a_check&key=2f52983ed2848bc311a3092392b5f197e1860b10&ts=23552&wait=25 HTTP/1.1" 200 574
03-Feb-23 21:57:13 - https://lp.vk.com:443 "GET /wh218266206?act=a_check&key=2f52983ed2848bc311a3092392b5f197e1860b10&ts=23553&wait=25 HTTP/1.1" 200 597
03-Feb-23 21:57:14 - https://lp.vk.com:443 "GET /wh218266206?act=a_check&key=2f52983ed2848bc311a3092392b5f197e1860b10&ts=23554&wait=25 HTTP/1.1" 200 1575
03-Feb-23 21:57:15 - https://lp.vk.com:443 "GET /wh218266206?act=a_check&key=2f52983ed2848bc311a3092392b5f197e1860b10&ts=23555&wait=25 HTTP/1.1" 200 776
03-Feb-23 21:57:16 - https://lp.vk.com:443 "GET /wh218266206?act=a_check&key=2f52983ed2848bc311a3092392b5f197e1860b10&ts=23556&wait=25 HTTP/1.1" 200 724
03-Feb-23 21:57:18 - https://lp.vk.com:443 "GET /wh218266206?act=a_check&key=2f52983ed2848bc311a3092392b5f197e1860b10&ts=23557&wait=25 HTTP/1.1" 200 683
03-Feb-23 21:57:20 - https://lp.vk.com:443 "GET /wh218266206?act=a_check&key=2f52983ed2848bc311a3092392b5f197e1860b10&ts=23558&wait=25 HTTP/1.1" 200 574
03-Feb-23 21:57:21 - https://lp.vk.com:443 "GET /wh218266206?act=a_check&key=2f52983ed2848bc311a3092392b5f197e1860b10&ts=23559&wait=25 HTTP/1.1" 200 786
03-Feb-23 21:57:30 - https://lp.vk.com:443 "GET /wh218266206?act=a_check&key=2f52983ed2848bc311a3092392b5f197e1860b10&ts=23560&wait=25 HTTP/1.1" 200 615
03-Feb-23 21:57:34 - https://lp.vk.com:443 "GET /wh218266206?act=a_check&key=2f52983ed2848bc311a3092392b5f197e1860b10&ts=23561&wait=25 HTTP/1.1" 200 589
03-Feb-23 21:57:36 - https://lp.vk.com:443 "GET /wh218266206?act=a_check&key=2f52983ed2848bc311a3092392b5f197e1860b10&ts=23562&wait=25 HTTP/1.1" 200 742
03-Feb-23 21:57:40 - https://lp.vk.com:443 "GET /wh218266206?act=a_check&key=2f52983ed2848bc311a3092392b5f197e1860b10&ts=23563&wait=25 HTTP/1.1" 200 597
03-Feb-23 21:57:40 - https://lp.vk.com:443 "GET /wh218266206?act=a_check&key=2f52983ed2848bc311a3092392b5f197e1860b10&ts=23564&wait=25 HTTP/1.1" 200 759
03-Feb-23 21:57:43 - https://lp.vk.com:443 "GET /wh218266206?act=a_check&key=2f52983ed2848bc311a3092392b5f197e1860b10&ts=23565&wait=25 HTTP/1.1" 200 3167
03-Feb-23 21:57:43 - https://lp.vk.com:443 "GET /wh218266206?act=a_check&key=2f52983ed2848bc311a3092392b5f197e1860b10&ts=23566&wait=25 HTTP/1.1" 200 625
03-Feb-23 21:57:45 - https://lp.vk.com:443 "GET /wh218266206?act=a_check&key=2f52983ed2848bc311a3092392b5f197e1860b10&ts=23567&wait=25 HTTP/1.1" 200 565
03-Feb-23 21:57:49 - https://lp.vk.com:443 "GET /wh218266206?act=a_check&key=2f52983ed2848bc311a3092392b5f197e1860b10&ts=23568&wait=25 HTTP/1.1" 200 581
03-Feb-23 21:57:51 - https://lp.vk.com:443 "GET /wh218266206?act=a_check&key=2f52983ed2848bc311a3092392b5f197e1860b10&ts=23569&wait=25 HTTP/1.1" 200 623
03-Feb-23 21:57:55 - https://lp.vk.com:443 "GET /wh218266206?act=a_check&key=2f52983ed2848bc311a3092392b5f197e1860b10&ts=23570&wait=25 HTTP/1.1" 200 738
03-Feb-23 21:58:00 - https://lp.vk.com:443 "GET /wh218266206?act=a_check&key=2f52983ed2848bc311a3092392b5f197e1860b10&ts=23571&wait=25 HTTP/1.1" 200 793
03-Feb-23 21:58:02 - https://lp.vk.com:443 "GET /wh218266206?act=a_check&key=2f52983ed2848bc311a3092392b5f197e1860b10&ts=23572&wait=25 HTTP/1.1" 200 602
03-Feb-23 21:58:03 - https://lp.vk.com:443 "GET /wh218266206?act=a_check&key=2f52983ed2848bc311a3092392b5f197e1860b10&ts=23573&wait=25 HTTP/1.1" 200 1480
03-Feb-23 21:58:07 - https://lp.vk.com:443 "GET /wh218266206?act=a_check&key=2f52983ed2848bc311a3092392b5f197e1860b10&ts=23574&wait=25 HTTP/1.1" 200 625
03-Feb-23 21:58:08 - https://lp.vk.com:443 "GET /wh218266206?act=a_check&key=2f52983ed2848bc311a3092392b5f197e1860b10&ts=23575&wait=25 HTTP/1.1" 200 767
03-Feb-23 21:58:11 - https://lp.vk.com:443 "GET /wh218266206?act=a_check&key=2f52983ed2848bc311a3092392b5f197e1860b10&ts=23576&wait=25 HTTP/1.1" 200 578
03-Feb-23 21:58:13 - https://lp.vk.com:443 "GET /wh218266206?act=a_check&key=2f52983ed2848bc311a3092392b5f197e1860b10&ts=23577&wait=25 HTTP/1.1" 200 593
03-Feb-23 21:58:30 - https://lp.vk.com:443 "GET /wh218266206?act=a_check&key=2f52983ed2848bc311a3092392b5f197e1860b10&ts=23578&wait=25 HTTP/1.1" 200 581
03-Feb-23 21:58:37 - https://lp.vk.com:443 "GET /wh218266206?act=a_check&key=2f52983ed2848bc311a3092392b5f197e1860b10&ts=23579&wait=25 HTTP/1.1" 200 757
03-Feb-23 21:58:38 - https://lp.vk.com:443 "GET /wh218266206?act=a_check&key=2f52983ed2848bc311a3092392b5f197e1860b10&ts=23580&wait=25 HTTP/1.1" 200 587
03-Feb-23 21:58:39 - https://lp.vk.com:443 "GET /wh218266206?act=a_check&key=2f52983ed2848bc311a3092392b5f197e1860b10&ts=23581&wait=25 HTTP/1.1" 200 579
03-Feb-23 21:58:41 - https://lp.vk.com:443 "GET /wh218266206?act=a_check&key=2f52983ed2848bc311a3092392b5f197e1860b10&ts=23582&wait=25 HTTP/1.1" 200 596
03-Feb-23 21:58:47 - https://lp.vk.com:443 "GET /wh218266206?act=a_check&key=2f52983ed2848bc311a3092392b5f197e1860b10&ts=23583&wait=25 HTTP/1.1" 200 592
03-Feb-23 21:58:56 - https://lp.vk.com:443 "GET /wh218266206?act=a_check&key=2f52983ed2848bc311a3092392b5f197e1860b10&ts=23584&wait=25 HTTP/1.1" 200 1416
04-Feb-23 00:12:31 - https://lp.vk.com:443 "GET /wh218266206?act=a_check&key=6815a1132b8a63f12015bfa5cc149700ad5ba07a&ts=23751&wait=25 HTTP/1.1" 200 569
04-Feb-23 00:12:40 - https://lp.vk.com:443 "GET /wh218266206?act=a_check&key=6815a1132b8a63f12015bfa5cc149700ad5ba07a&ts=23752&wait=25 HTTP/1.1" 200 570
04-Feb-23 00:12:48 - https://lp.vk.com:443 "GET /wh218266206?act=a_check&key=6815a1132b8a63f12015bfa5cc149700ad5ba07a&ts=23753&wait=25 HTTP/1.1" 200 580
04-Feb-23 00:13:13 - https://lp.vk.com:443 "GET /wh218266206?act=a_check&key=6815a1132b8a63f12015bfa5cc149700ad5ba07a&ts=23754&wait=25 HTTP/1.1" 200 29
04-Feb-23 00:13:41 - https://lp.vk.com:443 "GET /wh218266206?act=a_check&key=af2ce58a2943d6fa6d9c4679cc45a9ba38ee1d0e&ts=23756&wait=25 HTTP/1.1" 200 569
04-Feb-23 00:14:06 - https://lp.vk.com:443 "GET /wh218266206?act=a_check&key=af2ce58a2943d6fa6d9c4679cc45a9ba38ee1d0e&ts=23757&wait=25 HTTP/1.1" 200 29
04-Feb-23 00:14:31 - https://lp.vk.com:443 "GET /wh218266206?act=a_check&key=af2ce58a2943d6fa6d9c4679cc45a9ba38ee1d0e&ts=23757&wait=25 HTTP/1.1" 200 29
04-Feb-23 00:14:56 - https://lp.vk.com:443 "GET /wh218266206?act=a_check&key=af2ce58a2943d6fa6d9c4679cc45a9ba38ee1d0e&ts=23757&wait=25 HTTP/1.1" 200 29
04-Feb-23 00:15:21 - https://lp.vk.com:443 "GET /wh218266206?act=a_check&key=af2ce58a2943d6fa6d9c4679cc45a9ba38ee1d0e&ts=23757&wait=25 HTTP/1.1" 200 29
04-Feb-23 00:15:31 - https://lp.vk.com:443 "GET /wh218266206?act=a_check&key=af2ce58a2943d6fa6d9c4679cc45a9ba38ee1d0e&ts=23757&wait=25 HTTP/1.1" 200 574
04-Feb-23 00:15:43 - https://lp.vk.com:443 "GET /wh218266206?act=a_check&key=af2ce58a2943d6fa6d9c4679cc45a9ba38ee1d0e&ts=23758&wait=25 HTTP/1.1" 200 572
04-Feb-23 00:15:47 - https://lp.vk.com:443 "GET /wh218266206?act=a_check&key=af2ce58a2943d6fa6d9c4679cc45a9ba38ee1d0e&ts=23759&wait=25 HTTP/1.1" 200 569
04-Feb-23 00:15:51 - https://lp.vk.com:443 "GET /wh218266206?act=a_check&key=af2ce58a2943d6fa6d9c4679cc45a9ba38ee1d0e&ts=23760&wait=25 HTTP/1.1" 200 569
04-Feb-23 00:15:55 - https://lp.vk.com:443 "GET /wh218266206?act=a_check&key=af2ce58a2943d6fa6d9c4679cc45a9ba38ee1d0e&ts=23761&wait=25 HTTP/1.1" 200 569
04-Feb-23 00:16:01 - https://lp.vk.com:443 "GET /wh218266206?act=a_check&key=af2ce58a2943d6fa6d9c4679cc45a9ba38ee1d0e&ts=23762&wait=25 HTTP/1.1" 200 570
04-Feb-23 00:16:02 - https://lp.vk.com:443 "GET /wh218266206?act=a_check&key=af2ce58a2943d6fa6d9c4679cc45a9ba38ee1d0e&ts=23763&wait=25 HTTP/1.1" 200 606
04-Feb-23 00:16:06 - https://lp.vk.com:443 "GET /wh218266206?act=a_check&key=af2ce58a2943d6fa6d9c4679cc45a9ba38ee1d0e&ts=23764&wait=25 HTTP/1.1" 200 570
04-Feb-23 00:16:15 - https://lp.vk.com:443 "GET /wh218266206?act=a_check&key=af2ce58a2943d6fa6d9c4679cc45a9ba38ee1d0e&ts=23765&wait=25 HTTP/1.1" 200 570
04-Feb-23 00:16:25 - https://lp.vk.com:443 "GET /wh218266206?act=a_check&key=af2ce58a2943d6fa6d9c4679cc45a9ba38ee1d0e&ts=23766&wait=25 HTTP/1.1" 200 570
04-Feb-23 00:16:26 - https://lp.vk.com:443 "GET /wh218266206?act=a_check&key=af2ce58a2943d6fa6d9c4679cc45a9ba38ee1d0e&ts=23767&wait=25 HTTP/1.1" 200 570
04-Feb-23 00:16:27 - https://lp.vk.com:443 "GET /wh218266206?act=a_check&key=af2ce58a2943d6fa6d9c4679cc45a9ba38ee1d0e&ts=23768&wait=25 HTTP/1.1" 200 570
04-Feb-23 00:16:43 - https://lp.vk.com:443 "GET /wh218266206?act=a_check&key=af2ce58a2943d6fa6d9c4679cc45a9ba38ee1d0e&ts=23769&wait=25 HTTP/1.1" 200 758
04-Feb-23 00:16:45 - https://lp.vk.com:443 "GET /wh218266206?act=a_check&key=af2ce58a2943d6fa6d9c4679cc45a9ba38ee1d0e&ts=23770&wait=25 HTTP/1.1" 200 576
04-Feb-23 00:16:50 - https://lp.vk.com:443 "GET /wh218266206?act=a_check&key=af2ce58a2943d6fa6d9c4679cc45a9ba38ee1d0e&ts=23771&wait=25 HTTP/1.1" 200 592
04-Feb-23 00:16:55 - https://lp.vk.com:443 "GET /wh218266206?act=a_check&key=af2ce58a2943d6fa6d9c4679cc45a9ba38ee1d0e&ts=23772&wait=25 HTTP/1.1" 200 588
04-Feb-23 00:16:57 - https://lp.vk.com:443 "GET /wh218266206?act=a_check&key=af2ce58a2943d6fa6d9c4679cc45a9ba38ee1d0e&ts=23773&wait=25 HTTP/1.1" 200 582
04-Feb-23 00:17:20 - https://lp.vk.com:443 "GET /wh218266206?act=a_check&key=af2ce58a2943d6fa6d9c4679cc45a9ba38ee1d0e&ts=23774&wait=25 HTTP/1.1" 200 757
04-Feb-23 00:17:23 - https://lp.vk.com:443 "GET /wh218266206?act=a_check&key=af2ce58a2943d6fa6d9c4679cc45a9ba38ee1d0e&ts=23775&wait=25 HTTP/1.1" 200 2909
04-Feb-23 00:17:29 - https://lp.vk.com:443 "GET /wh218266206?act=a_check&key=af2ce58a2943d6fa6d9c4679cc45a9ba38ee1d0e&ts=23776&wait=25 HTTP/1.1" 200 567
04-Feb-23 00:17:54 - https://lp.vk.com:443 "GET /wh218266206?act=a_check&key=af2ce58a2943d6fa6d9c4679cc45a9ba38ee1d0e&ts=23777&wait=25 HTTP/1.1" 200 29
04-Feb-23 00:18:20 - https://lp.vk.com:443 "GET /wh218266206?act=a_check&key=af2ce58a2943d6fa6d9c4679cc45a9ba38ee1d0e&ts=23777&wait=25 HTTP/1.1" 200 29
04-Feb-23 00:18:45 - https://lp.vk.com:443 "GET /wh218266206?act=a_check&key=af2ce58a2943d6fa6d9c4679cc45a9ba38ee1d0e&ts=23777&wait=25 HTTP/1.1" 200 29
04-Feb-23 00:18:50 - https://lp.vk.com:443 "GET /wh218266206?act=a_check&key=af2ce58a2943d6fa6d9c4679cc45a9ba38ee1d0e&ts=23777&wait=25 HTTP/1.1" 200 1059
04-Feb-23 00:19:14 - https://lp.vk.com:443 "GET /wh218266206?act=a_check&key=af2ce58a2943d6fa6d9c4679cc45a9ba38ee1d0e&ts=23778&wait=25 HTTP/1.1" 200 574
04-Feb-23 00:19:17 - https://lp.vk.com:443 "GET /wh218266206?act=a_check&key=af2ce58a2943d6fa6d9c4679cc45a9ba38ee1d0e&ts=23779&wait=25 HTTP/1.1" 200 3948
